[20-Jan-2021 01:17:09 Asia/Tokyo] PHP Warning:  include_once(/common/header.php): failed to open stream: No such file or directory in /var/www/html/memo/index.php on line 4
[20-Jan-2021 01:17:10 Asia/Tokyo] PHP Warning:  include_once(): Failed opening '/common/header.php' for inclusion (include_path='.:/usr/local/lib/php') in /var/www/html/memo/index.php on line 4
[20-Jan-2021 01:17:10 Asia/Tokyo] PHP Fatal error:  Uncaught Error: Call to undefined function getHeader() in /var/www/html/memo/index.php:5
Stack trace:
#0 {main}
  thrown in /var/www/html/memo/index.php on line 5
[20-Jan-2021 01:17:44 Asia/Tokyo] PHP Warning:  include_once(/common/header.php): failed to open stream: No such file or directory in /var/www/html/memo/index.php on line 4
[20-Jan-2021 01:17:44 Asia/Tokyo] PHP Warning:  include_once(): Failed opening '/common/header.php' for inclusion (include_path='.:/usr/local/lib/php') in /var/www/html/memo/index.php on line 4
[20-Jan-2021 01:17:44 Asia/Tokyo] PHP Fatal error:  Uncaught Error: Call to undefined function getHeader() in /var/www/html/memo/index.php:5
Stack trace:
#0 {main}
  thrown in /var/www/html/memo/index.php on line 5
[20-Jan-2021 02:39:31 Asia/Tokyo] PHP Notice:  Only variables should be passed by reference in /var/www/html/user/action/register.php on line 17
[20-Jan-2021 02:45:02 Asia/Tokyo] PHP Notice:  Only variables should be passed by reference in /var/www/html/user/action/register.php on line 17
[20-Jan-2021 02:59:07 Asia/Tokyo] PHP Notice:  Only variables should be passed by reference in /var/www/html/user/action/register.php on line 17
[20-Jan-2021 04:10:43 Asia/Tokyo] PHP Notice:  Only variables should be passed by reference in /var/www/html/user/action/register.php on line 52
[21-Jan-2021 00:27:57 Asia/Tokyo] PHP Warning:  array_push() expects parameter 1 to be array, null given in /var/www/html/common/validation.php on line 11
[21-Jan-2021 00:27:57 Asia/Tokyo] PHP Warning:  array_push() expects parameter 1 to be array, null given in /var/www/html/common/validation.php on line 11
[21-Jan-2021 00:27:57 Asia/Tokyo] PHP Notice:  Undefined variable: user_name in /var/www/html/login/action/login.php on line 15
[21-Jan-2021 00:27:57 Asia/Tokyo] PHP Warning:  array_push() expects parameter 1 to be array, null given in /var/www/html/common/validation.php on line 58
[21-Jan-2021 00:27:57 Asia/Tokyo] PHP Warning:  array_push() expects parameter 1 to be array, null given in /var/www/html/common/validation.php on line 70
[21-Jan-2021 00:31:37 Asia/Tokyo] PHP Warning:  array_push() expects parameter 1 to be array, null given in /var/www/html/common/validation.php on line 11
[21-Jan-2021 00:31:37 Asia/Tokyo] PHP Warning:  array_push() expects parameter 1 to be array, null given in /var/www/html/common/validation.php on line 11
[21-Jan-2021 00:31:37 Asia/Tokyo] PHP Warning:  array_push() expects parameter 1 to be array, null given in /var/www/html/common/validation.php on line 58
[21-Jan-2021 00:31:37 Asia/Tokyo] PHP Warning:  array_push() expects parameter 1 to be array, null given in /var/www/html/common/validation.php on line 70
[24-Jan-2021 01:57:20 Asia/Tokyo] PHP Warning:  array_push() expects parameter 1 to be array, null given in /var/www/html/memo/index.php on line 21
[24-Jan-2021 01:57:20 Asia/Tokyo] PHP Warning:  array_push() expects parameter 1 to be array, null given in /var/www/html/memo/index.php on line 21
[24-Jan-2021 02:01:02 Asia/Tokyo] PHP Warning:  array_push() expects parameter 1 to be array, null given in /var/www/html/memo/index.php on line 21
[24-Jan-2021 02:01:02 Asia/Tokyo] PHP Warning:  array_push() expects parameter 1 to be array, null given in /var/www/html/memo/index.php on line 21
[24-Jan-2021 02:01:24 Asia/Tokyo] PHP Warning:  array_push() expects parameter 1 to be array, null given in /var/www/html/memo/index.php on line 21
[24-Jan-2021 02:01:24 Asia/Tokyo] PHP Warning:  array_push() expects parameter 1 to be array, null given in /var/www/html/memo/index.php on line 21
[24-Jan-2021 02:01:28 Asia/Tokyo] PHP Warning:  array_push() expects parameter 1 to be array, null given in /var/www/html/memo/index.php on line 21
[24-Jan-2021 02:01:28 Asia/Tokyo] PHP Warning:  array_push() expects parameter 1 to be array, null given in /var/www/html/memo/index.php on line 21
[24-Jan-2021 02:02:06 Asia/Tokyo] PHP Warning:  array_push() expects parameter 1 to be array, null given in /var/www/html/memo/index.php on line 21
[24-Jan-2021 02:02:06 Asia/Tokyo] PHP Warning:  array_push() expects parameter 1 to be array, null given in /var/www/html/memo/index.php on line 21
[24-Jan-2021 03:19:03 Asia/Tokyo] PHP Notice:  Trying to access array offset on value of type bool in /var/www/html/memo/action/update.php on line 35
[24-Jan-2021 03:19:03 Asia/Tokyo] PHP Notice:  Trying to access array offset on value of type bool in /var/www/html/memo/action/update.php on line 36
[24-Jan-2021 03:19:03 Asia/Tokyo] PHP Notice:  Trying to access array offset on value of type bool in /var/www/html/memo/action/update.php on line 37
[24-Jan-2021 03:32:48 Asia/Tokyo] PHP Notice:  Only variables should be passed by reference in /var/www/html/user/action/register.php on line 53
[24-Jan-2021 03:33:36 Asia/Tokyo] PHP Notice:  Trying to access array offset on value of type bool in /var/www/html/memo/action/update.php on line 35
[24-Jan-2021 03:33:36 Asia/Tokyo] PHP Notice:  Trying to access array offset on value of type bool in /var/www/html/memo/action/update.php on line 36
[24-Jan-2021 03:33:36 Asia/Tokyo] PHP Notice:  Trying to access array offset on value of type bool in /var/www/html/memo/action/update.php on line 37
